<?xml version="1.0" encoding="UTF-8"?>
<testng-results skipped="0" failed="0" ignored="0" total="1" passed="1">
  <reporter-output>
  </reporter-output>
  <suite name="Default suite" duration-ms="8976" started-at="2021-09-06T09:35:06 IST" finished-at="2021-09-06T09:35:15 IST">
    <groups>
    </groups>
    <test name="Default test" duration-ms="8976" started-at="2021-09-06T09:35:06 IST" finished-at="2021-09-06T09:35:15 IST">
      <class name="JavaProgram.Clickonfirstlink">
        <test-method status="PASS" signature="f()[pri:0, instance:JavaProgram.Clickonfirstlink@3234e239]" name="f" duration-ms="8919" started-at="2021-09-06T09:35:06 IST" finished-at="2021-09-06T09:35:15 IST">
          <reporter-output>
          </reporter-output>
        </test-method> <!-- f -->
      </class> <!-- JavaProgram.Clickonfirstlink -->
    </test> <!-- Default test -->
  </suite> <!-- Default suite -->
</testng-results>
